<?xml version="1.0" encoding="UTF-8"?>
<testng-results skipped="0" failed="0" ignored="0" total="1" passed="1">
  <reporter-output>
  </reporter-output>
  <suite name="Default suite" duration-ms="61366" started-at="2019-03-11T12:10:37Z" finished-at="2019-03-11T12:11:39Z">
    <groups>
    </groups>
    <test name="Default test" duration-ms="61366" started-at="2019-03-11T12:10:37Z" finished-at="2019-03-11T12:11:39Z">
      <class name="com.training.functional.tests.RETC_018">
        <test-method status="PASS" signature="setUp()[pri:0, instance:com.training.functional.tests.RETC_018@6a41eaa2]" name="setUp" is-config="true" duration-ms="40251" started-at="2019-03-11T12:10:37Z" finished-at="2019-03-11T12:11:18Z">
          <reporter-output>
          </reporter-output>
        </test-method> <!-- setUp -->
        <test-method status="PASS" signature="Functional_Test_RETC_018()[pri:0, instance:com.training.functional.tests.RETC_018@6a41eaa2]" name="Functional_Test_RETC_018" duration-ms="18991" started-at="2019-03-11T12:11:18Z" finished-at="2019-03-11T12:11:37Z">
          <reporter-output>
          </reporter-output>
        </test-method> <!-- Functional_Test_RETC_018 -->
        <test-method status="PASS" signature="tearDown()[pri:0, instance:com.training.functional.tests.RETC_018@6a41eaa2]" name="tearDown" is-config="true" duration-ms="2076" started-at="2019-03-11T12:11:37Z" finished-at="2019-03-11T12:11:39Z">
          <reporter-output>
          </reporter-output>
        </test-method> <!-- tearDown -->
      </class> <!-- com.training.functional.tests.RETC_018 -->
    </test> <!-- Default test -->
  </suite> <!-- Default suite -->
</testng-results>
