<?xml version="1.0" encoding="UTF-8"?>
<testng-results skipped="0" failed="0" ignored="0" total="1" passed="1">
  <reporter-output>
  </reporter-output>
  <suite name="Default suite" duration-ms="55845" started-at="2019-03-11T10:17:29Z" finished-at="2019-03-11T10:18:25Z">
    <groups>
    </groups>
    <test name="Default test" duration-ms="55845" started-at="2019-03-11T10:17:29Z" finished-at="2019-03-11T10:18:25Z">
      <class name="com.training.functional.tests.RETC_018">
        <test-method status="PASS" signature="setUp()[pri:0, instance:com.training.functional.tests.RETC_018@6a41eaa2]" name="setUp" is-config="true" duration-ms="37332" started-at="2019-03-11T10:17:29Z" finished-at="2019-03-11T10:18:07Z">
          <reporter-output>
          </reporter-output>
        </test-method> <!-- setUp -->
        <test-method status="PASS" signature="Functional_Test_RETC_018()[pri:0, instance:com.training.functional.tests.RETC_018@6a41eaa2]" name="Functional_Test_RETC_018" duration-ms="16343" started-at="2019-03-11T10:18:07Z" finished-at="2019-03-11T10:18:23Z">
          <reporter-output>
          </reporter-output>
        </test-method> <!-- Functional_Test_RETC_018 -->
        <test-method status="PASS" signature="tearDown()[pri:0, instance:com.training.functional.tests.RETC_018@6a41eaa2]" name="tearDown" is-config="true" duration-ms="2145" started-at="2019-03-11T10:18:23Z" finished-at="2019-03-11T10:18:25Z">
          <reporter-output>
          </reporter-output>
        </test-method> <!-- tearDown -->
      </class> <!-- com.training.functional.tests.RETC_018 -->
    </test> <!-- Default test -->
  </suite> <!-- Default suite -->
</testng-results>
